# JRE version: OpenJDK Runtime Environment Temurin-21.0.10+7 (21.0.10+7) (build 21.0.10+7-LTS)
# Java VM: OpenJDK 64-Bit Server VM Temurin-21.0.10+7 (21.0.10+7-LTS, mixed mode, sharing, tiered, compressed oops, compressed class ptrs, parallel gc, windows-amd64)
GC Precious Log:
 CardTable entry size: 512
 CPUs: 12 total, 12 available
 Memory: 7863M
 Large Page Support: Disabled
 NUMA Support: Disabled
 Compressed Oops: Enabled (32-bit)
 Alignments: Space 512K, Generation 512K, Heap 2M
 Heap Min Capacity: 100M
 Heap Initial Capacity: 100M
 Heap Max Capacity: 2G
 Pre-touch: Disabled
 Parallel Workers: 10
Heap:
 PSYoungGen      total 14848K, used 14693K [0x00000000d5580000, 0x00000000d6800000, 0x0000000100000000)
  eden space 13824K, 100% used [0x00000000d5580000,0x00000000d6300000,0x00000000d6300000)
  from space 1024K, 84% used [0x00000000d6500000,0x00000000d65d9420,0x00000000d6600000)
  to   space 1536K, 0% used [0x00000000d6680000,0x00000000d6680000,0x00000000d6800000)
 ParOldGen       total 109568K, used 108657K [0x0000000080000000, 0x0000000086b00000, 0x00000000d5580000)
  object space 109568K, 99% used [0x0000000080000000,0x0000000086a1c548,0x0000000086b00000)
 Metaspace       used 70052K, committed 71552K, reserved 1114112K
  class space    used 7590K, committed 8192K, reserved 1048576K
GC Heap History (20 events):
Event: 172.052 GC heap before
{Heap before GC invocations=63 (full 3):
 PSYoungGen      total 23040K, used 23035K [0x00000000d5580000, 0x00000000d6f80000, 0x0000000100000000)
  eden space 21504K, 100% used [0x00000000d5580000,0x00000000d6a80000,0x00000000d6a80000)
  from space 1536K, 99% used [0x00000000d6b00000,0x00000000d6c7ef28,0x00000000d6c80000)
  to   space 2560K, 0% used [0x00000000d6d00000,0x00000000d6d00000,0x00000000d6f80000)
 ParOldGen       total 68608K, used 66800K [0x0000000080000000, 0x0000000084300000, 0x00000000d5580000)
  object space 68608K, 97% used [0x0000000080000000,0x000000008413c220,0x0000000084300000)
 Metaspace       used 65616K, committed 67072K, reserved 1114112K
  class space    used 7105K, committed 7744K, reserved 1048576K
}
Event: 172.058 GC heap after
{Heap after GC invocations=63 (full 3):
 PSYoungGen      total 22528K, used 1014K [0x00000000d5580000, 0x00000000d6e00000, 0x0000000100000000)
  eden space 21504K, 0% used [0x00000000d5580000,0x00000000d5580000,0x00000000d6a80000)
  from space 1024K, 99% used [0x00000000d6d00000,0x00000000d6dfd8b0,0x00000000d6e00000)
  to   space 1536K, 0% used [0x00000000d6b00000,0x00000000d6b00000,0x00000000d6c80000)
 ParOldGen       total 68608K, used 68360K [0x0000000080000000, 0x0000000084300000, 0x00000000d5580000)
  object space 68608K, 99% used [0x0000000080000000,0x00000000842c2250,0x0000000084300000)
 Metaspace       used 65616K, committed 67072K, reserved 1114112K
  class space    used 7105K, committed 7744K, reserved 1048576K
}
Event: 172.283 GC heap before
{Heap before GC invocations=64 (full 3):
 PSYoungGen      total 22528K, used 22518K [0x00000000d5580000, 0x00000000d6e00000, 0x0000000100000000)
  eden space 21504K, 100% used [0x00000000d5580000,0x00000000d6a80000,0x00000000d6a80000)
  from space 1024K, 99% used [0x00000000d6d00000,0x00000000d6dfd8b0,0x00000000d6e00000)
  to   space 1536K, 0% used [0x00000000d6b00000,0x00000000d6b00000,0x00000000d6c80000)
 ParOldGen       total 68608K, used 68360K [0x0000000080000000, 0x0000000084300000, 0x00000000d5580000)
  object space 68608K, 99% used [0x0000000080000000,0x00000000842c2250,0x0000000084300000)
 Metaspace       used 65617K, committed 67072K, reserved 1114112K
  class space    used 7105K, committed 7744K, reserved 1048576K
}
Event: 172.291 GC heap after
{Heap after GC invocations=64 (full 3):
 PSYoungGen      total 23040K, used 1308K [0x00000000d5580000, 0x00000000d6d80000, 0x0000000100000000)
  eden space 21504K, 0% used [0x00000000d5580000,0x00000000d5580000,0x00000000d6a80000)
  from space 1536K, 85% used [0x00000000d6b00000,0x00000000d6c472d8,0x00000000d6c80000)
  to   space 1024K, 0% used [0x00000000d6c80000,0x00000000d6c80000,0x00000000d6d80000)
 ParOldGen       total 69632K, used 69235K [0x0000000080000000, 0x0000000084400000, 0x00000000d5580000)
  object space 69632K, 99% used [0x0000000080000000,0x000000008439cea0,0x0000000084400000)
 Metaspace       used 65617K, committed 67072K, reserved 1114112K
  class space    used 7105K, committed 7744K, reserved 1048576K
}
Event: 172.482 GC heap before
{Heap before GC invocations=65 (full 3):
 PSYoungGen      total 23040K, used 22812K [0x00000000d5580000, 0x00000000d6d80000, 0x0000000100000000)
  eden space 21504K, 100% used [0x00000000d5580000,0x00000000d6a80000,0x00000000d6a80000)
  from space 1536K, 85% used [0x00000000d6b00000,0x00000000d6c472d8,0x00000000d6c80000)
  to   space 1024K, 0% used [0x00000000d6c80000,0x00000000d6c80000,0x00000000d6d80000)
 ParOldGen       total 69632K, used 69235K [0x0000000080000000, 0x0000000084400000, 0x00000000d5580000)
  object space 69632K, 99% used [0x0000000080000000,0x000000008439cea0,0x0000000084400000)
 Metaspace       used 65622K, committed 67072K, reserved 1114112K
  class space    used 7105K, committed 7744K, reserved 1048576K
}
Event: 172.488 GC heap after
{Heap after GC invocations=65 (full 3):
 PSYoungGen      total 22016K, used 994K [0x00000000d5580000, 0x00000000d6f80000, 0x0000000100000000)
  eden space 20992K, 0% used [0x00000000d5580000,0x00000000d5580000,0x00000000d6a00000)
  from space 1024K, 97% used [0x00000000d6c80000,0x00000000d6d78998,0x00000000d6d80000)
  to   space 2560K, 0% used [0x00000000d6a00000,0x00000000d6a00000,0x00000000d6c80000)
 ParOldGen       total 70656K, used 70453K [0x0000000080000000, 0x0000000084500000, 0x00000000d5580000)
  object space 70656K, 99% used [0x0000000080000000,0x00000000844cd778,0x0000000084500000)
 Metaspace       used 65622K, committed 67072K, reserved 1114112K
  class space    used 7105K, committed 7744K, reserved 1048576K
}
Event: 172.823 GC heap before
{Heap before GC invocations=66 (full 3):
 PSYoungGen      total 22016K, used 21986K [0x00000000d5580000, 0x00000000d6f80000, 0x0000000100000000)
  eden space 20992K, 100% used [0x00000000d5580000,0x00000000d6a00000,0x00000000d6a00000)
  from space 1024K, 97% used [0x00000000d6c80000,0x00000000d6d78998,0x00000000d6d80000)
  to   space 2560K, 0% used [0x00000000d6a00000,0x00000000d6a00000,0x00000000d6c80000)
 ParOldGen       total 70656K, used 70453K [0x0000000080000000, 0x0000000084500000, 0x00000000d5580000)
  object space 70656K, 99% used [0x0000000080000000,0x00000000844cd778,0x0000000084500000)
 Metaspace       used 65626K, committed 67072K, reserved 1114112K
  class space    used 7105K, committed 7744K, reserved 1048576K
}
Event: 172.829 GC heap after
{Heap after GC invocations=66 (full 3):
 PSYoungGen      total 23552K, used 2082K [0x00000000d5580000, 0x00000000d6f00000, 0x0000000100000000)
  eden space 20992K, 0% used [0x00000000d5580000,0x00000000d5580000,0x00000000d6a00000)
  from space 2560K, 81% used [0x00000000d6a00000,0x00000000d6c089a0,0x00000000d6c80000)
  to   space 2560K, 0% used [0x00000000d6c80000,0x00000000d6c80000,0x00000000d6f00000)
 ParOldGen       total 71680K, used 71420K [0x0000000080000000, 0x0000000084600000, 0x00000000d5580000)
  object space 71680K, 99% used [0x0000000080000000,0x00000000845bf320,0x0000000084600000)
 Metaspace       used 65626K, committed 67072K, reserved 1114112K
  class space    used 7105K, committed 7744K, reserved 1048576K
}
Event: 173.513 GC heap before
{Heap before GC invocations=67 (full 3):
 PSYoungGen      total 23552K, used 23074K [0x00000000d5580000, 0x00000000d6f00000, 0x0000000100000000)
  eden space 20992K, 100% used [0x00000000d5580000,0x00000000d6a00000,0x00000000d6a00000)
  from space 2560K, 81% used [0x00000000d6a00000,0x00000000d6c089a0,0x00000000d6c80000)
  to   space 2560K, 0% used [0x00000000d6c80000,0x00000000d6c80000,0x00000000d6f00000)
 ParOldGen       total 71680K, used 71420K [0x0000000080000000, 0x0000000084600000, 0x00000000d5580000)
  object space 71680K, 99% used [0x0000000080000000,0x00000000845bf320,0x0000000084600000)
 Metaspace       used 65978K, committed 67456K, reserved 1114112K
  class space    used 7135K, committed 7744K, reserved 1048576K
}
Event: 173.532 GC heap after
{Heap after GC invocations=67 (full 3):
 PSYoungGen      total 16384K, used 2541K [0x00000000d5580000, 0x00000000d7d00000, 0x0000000100000000)
  eden space 13824K, 0% used [0x00000000d5580000,0x00000000d5580000,0x00000000d6300000)
  from space 2560K, 99% used [0x00000000d6c80000,0x00000000d6efb768,0x00000000d6f00000)
  to   space 9728K, 0% used [0x00000000d6300000,0x00000000d6300000,0x00000000d6c80000)
 ParOldGen       total 77824K, used 77407K [0x0000000080000000, 0x0000000084c00000, 0x00000000d5580000)
  object space 77824K, 99% used [0x0000000080000000,0x0000000084b97e70,0x0000000084c00000)
 Metaspace       used 65978K, committed 67456K, reserved 1114112K
  class space    used 7135K, committed 7744K, reserved 1048576K
}
Event: 173.734 GC heap before
{Heap before GC invocations=68 (full 3):
 PSYoungGen      total 16384K, used 16365K [0x00000000d5580000, 0x00000000d7d00000, 0x0000000100000000)
  eden space 13824K, 100% used [0x00000000d5580000,0x00000000d6300000,0x00000000d6300000)
  from space 2560K, 99% used [0x00000000d6c80000,0x00000000d6efb768,0x00000000d6f00000)
  to   space 9728K, 0% used [0x00000000d6300000,0x00000000d6300000,0x00000000d6c80000)
 ParOldGen       total 77824K, used 77407K [0x0000000080000000, 0x0000000084c00000, 0x00000000d5580000)
  object space 77824K, 99% used [0x0000000080000000,0x0000000084b97e70,0x0000000084c00000)
 Metaspace       used 66013K, committed 67456K, reserved 1114112K
  class space    used 7139K, committed 7744K, reserved 1048576K
}
Event: 173.739 GC heap after
{Heap after GC invocations=68 (full 3):
 PSYoungGen      total 15360K, used 1216K [0x00000000d5580000, 0x00000000d6d00000, 0x0000000100000000)
  eden space 13824K, 0% used [0x00000000d5580000,0x00000000d5580000,0x00000000d6300000)
  from space 1536K, 79% used [0x00000000d6300000,0x00000000d6430000,0x00000000d6480000)
  to   space 4096K, 0% used [0x00000000d6900000,0x00000000d6900000,0x00000000d6d00000)
 ParOldGen       total 80896K, used 79993K [0x0000000080000000, 0x0000000084f00000, 0x00000000d5580000)
  object space 80896K, 98% used [0x0000000080000000,0x0000000084e1e5a0,0x0000000084f00000)
 Metaspace       used 66013K, committed 67456K, reserved 1114112K
  class space    used 7139K, committed 7744K, reserved 1048576K
}
Event: 174.310 GC heap before
{Heap before GC invocations=69 (full 3):
 PSYoungGen      total 15360K, used 15040K [0x00000000d5580000, 0x00000000d6d00000, 0x0000000100000000)
  eden space 13824K, 100% used [0x00000000d5580000,0x00000000d6300000,0x00000000d6300000)
  from space 1536K, 79% used [0x00000000d6300000,0x00000000d6430000,0x00000000d6480000)
  to   space 4096K, 0% used [0x00000000d6900000,0x00000000d6900000,0x00000000d6d00000)
 ParOldGen       total 80896K, used 79993K [0x0000000080000000, 0x0000000084f00000, 0x00000000d5580000)
  object space 80896K, 98% used [0x0000000080000000,0x0000000084e1e5a0,0x0000000084f00000)
 Metaspace       used 66810K, committed 68288K, reserved 1114112K
  class space    used 7247K, committed 7872K, reserved 1048576K
}
Event: 174.318 GC heap after
{Heap after GC invocations=69 (full 3):
 PSYoungGen      total 16896K, used 2626K [0x00000000d5580000, 0x00000000d6c00000, 0x0000000100000000)
  eden space 13824K, 0% used [0x00000000d5580000,0x00000000d5580000,0x00000000d6300000)
  from space 3072K, 85% used [0x00000000d6900000,0x00000000d6b90be8,0x00000000d6c00000)
  to   space 3072K, 0% used [0x00000000d6600000,0x00000000d6600000,0x00000000d6900000)
 ParOldGen       total 81408K, used 81145K [0x0000000080000000, 0x0000000084f80000, 0x00000000d5580000)
  object space 81408K, 99% used [0x0000000080000000,0x0000000084f3e5b0,0x0000000084f80000)
 Metaspace       used 66810K, committed 68288K, reserved 1114112K
  class space    used 7247K, committed 7872K, reserved 1048576K
}
Event: 6510.774 GC heap before
{Heap before GC invocations=70 (full 3):
 PSYoungGen      total 16896K, used 16450K [0x00000000d5580000, 0x00000000d6c00000, 0x0000000100000000)
  eden space 13824K, 100% used [0x00000000d5580000,0x00000000d6300000,0x00000000d6300000)
  from space 3072K, 85% used [0x00000000d6900000,0x00000000d6b90be8,0x00000000d6c00000)
  to   space 3072K, 0% used [0x00000000d6600000,0x00000000d6600000,0x00000000d6900000)
 ParOldGen       total 81408K, used 81145K [0x0000000080000000, 0x0000000084f80000, 0x00000000d5580000)
  object space 81408K, 99% used [0x0000000080000000,0x0000000084f3e5b0,0x0000000084f80000)
 Metaspace       used 68424K, committed 69888K, reserved 1114112K
  class space    used 7396K, committed 8000K, reserved 1048576K
}
Event: 6510.846 GC heap after
{Heap after GC invocations=70 (full 3):
 PSYoungGen      total 15360K, used 1129K [0x00000000d5580000, 0x00000000d6980000, 0x0000000100000000)
  eden space 13824K, 0% used [0x00000000d5580000,0x00000000d5580000,0x00000000d6300000)
  from space 1536K, 73% used [0x00000000d6600000,0x00000000d671a480,0x00000000d6780000)
  to   space 2048K, 0% used [0x00000000d6780000,0x00000000d6780000,0x00000000d6980000)
 ParOldGen       total 83968K, used 83641K [0x0000000080000000, 0x0000000085200000, 0x00000000d5580000)
  object space 83968K, 99% used [0x0000000080000000,0x00000000851ae5c0,0x0000000085200000)
 Metaspace       used 68424K, committed 69888K, reserved 1114112K
  class space    used 7396K, committed 8000K, reserved 1048576K
}
Event: 6515.416 GC heap before
{Heap before GC invocations=71 (full 3):
 PSYoungGen      total 15360K, used 14953K [0x00000000d5580000, 0x00000000d6980000, 0x0000000100000000)
  eden space 13824K, 100% used [0x00000000d5580000,0x00000000d6300000,0x00000000d6300000)
  from space 1536K, 73% used [0x00000000d6600000,0x00000000d671a480,0x00000000d6780000)
  to   space 2048K, 0% used [0x00000000d6780000,0x00000000d6780000,0x00000000d6980000)
 ParOldGen       total 83968K, used 83641K [0x0000000080000000, 0x0000000085200000, 0x00000000d5580000)
  object space 83968K, 99% used [0x0000000080000000,0x00000000851ae5c0,0x0000000085200000)
 Metaspace       used 69022K, committed 70528K, reserved 1114112K
  class space    used 7485K, committed 8128K, reserved 1048576K
}
Event: 6515.422 GC heap after
{Heap after GC invocations=71 (full 3):
 PSYoungGen      total 15360K, used 1504K [0x00000000d5580000, 0x00000000d6900000, 0x0000000100000000)
  eden space 13824K, 0% used [0x00000000d5580000,0x00000000d5580000,0x00000000d6300000)
  from space 1536K, 97% used [0x00000000d6780000,0x00000000d68f8020,0x00000000d6900000)
  to   space 2048K, 0% used [0x00000000d6500000,0x00000000d6500000,0x00000000d6700000)
 ParOldGen       total 84480K, used 84449K [0x0000000080000000, 0x0000000085280000, 0x00000000d5580000)
  object space 84480K, 99% used [0x0000000080000000,0x00000000852784a8,0x0000000085280000)
 Metaspace       used 69022K, committed 70528K, reserved 1114112K
  class space    used 7485K, committed 8128K, reserved 1048576K
}
Event: 6515.900 GC heap before
{Heap before GC invocations=72 (full 3):
 PSYoungGen      total 15360K, used 15328K [0x00000000d5580000, 0x00000000d6900000, 0x0000000100000000)
  eden space 13824K, 100% used [0x00000000d5580000,0x00000000d6300000,0x00000000d6300000)
  from space 1536K, 97% used [0x00000000d6780000,0x00000000d68f8020,0x00000000d6900000)
  to   space 2048K, 0% used [0x00000000d6500000,0x00000000d6500000,0x00000000d6700000)
 ParOldGen       total 84480K, used 84449K [0x0000000080000000, 0x0000000085280000, 0x00000000d5580000)
  object space 84480K, 99% used [0x0000000080000000,0x00000000852784a8,0x0000000085280000)
 Metaspace       used 69550K, committed 71104K, reserved 1114112K
  class space    used 7543K, committed 8192K, reserved 1048576K
}
Event: 6515.903 GC heap after
{Heap after GC invocations=72 (full 3):
 PSYoungGen      total 14848K, used 869K [0x00000000d5580000, 0x00000000d6800000, 0x0000000100000000)
  eden space 13824K, 0% used [0x00000000d5580000,0x00000000d5580000,0x00000000d6300000)
  from space 1024K, 84% used [0x00000000d6500000,0x00000000d65d9420,0x00000000d6600000)
  to   space 1536K, 0% used [0x00000000d6680000,0x00000000d6680000,0x00000000d6800000)
 ParOldGen       total 86016K, used 85617K [0x0000000080000000, 0x0000000085400000, 0x00000000d5580000)
  object space 86016K, 99% used [0x0000000080000000,0x000000008539c528,0x0000000085400000)
 Metaspace       used 69550K, committed 71104K, reserved 1114112K
  class space    used 7543K, committed 8192K, reserved 1048576K
}

